<?xml version="1.0" encoding="UTF-8"?>
<testng-results ignored="0" total="12" passed="11" failed="1" skipped="0">
  <reporter-output>
  </reporter-output>
  <suite started-at="2022-05-17T17:03:36 IST" name="Suite" finished-at="2022-05-17T17:09:14 IST" duration-ms="338438">
    <groups>
    </groups>
    <test started-at="2022-05-17T17:03:36 IST" name="Test" finished-at="2022-05-17T17:09:14 IST" duration-ms="338438">
      <class name="Portal_page3.Donor_TESTCASE_page3_1">
        <test-method is-config="true" signature="open()[pri:0, instance:Portal_page3.Donor_TESTCASE_page3_1@15bb5034]" started-at="2022-05-17T17:05:27 IST" name="open" finished-at="2022-05-17T17:05:27 IST" duration-ms="0" status="PASS">
          <reporter-output>
          </reporter-output>
        </test-method> <!-- open -->
        <test-method is-config="true" signature="OpenBrowser()[pri:0, instance:Portal_page3.Donor_TESTCASE_page3_1@15bb5034]" started-at="2022-05-17T17:05:27 IST" name="OpenBrowser" finished-at="2022-05-17T17:05:52 IST" duration-ms="24655" status="PASS">
          <reporter-output>
          </reporter-output>
        </test-method> <!-- OpenBrowser -->
        <test-method signature="FillInfo()[pri:0, instance:Portal_page3.Donor_TESTCASE_page3_1@15bb5034]" started-at="2022-05-17T17:05:52 IST" name="FillInfo" finished-at="2022-05-17T17:05:54 IST" duration-ms="2436" status="PASS">
          <reporter-output>
          </reporter-output>
        </test-method> <!-- FillInfo -->
        <test-method is-config="true" signature="logoutBrowser(org.testng.ITestResult)[pri:0, instance:Portal_page3.Donor_TESTCASE_page3_1@15bb5034]" started-at="2022-05-17T17:05:54 IST" name="logoutBrowser" finished-at="2022-05-17T17:05:54 IST" duration-ms="1" status="PASS">
          <params>
            <param index="0">
              <value>
                <![CDATA[[TestResult name=FillInfo status=SUCCESS method=Donor_TESTCASE_page3_1.FillInfo()[pri:0, instance:Portal_page3.Donor_TESTCASE_page3_1@15bb5034] output={null}]]]>
              </value>
            </param>
          </params>
          <reporter-output>
          </reporter-output>
        </test-method> <!-- logoutBrowser -->
        <test-method is-config="true" signature="closeBrowser()[pri:0, instance:Portal_page3.Donor_TESTCASE_page3_1@15bb5034]" started-at="2022-05-17T17:05:54 IST" name="closeBrowser" finished-at="2022-05-17T17:05:59 IST" duration-ms="5012" status="PASS">
          <reporter-output>
          </reporter-output>
        </test-method> <!-- closeBrowser -->
      </class> <!-- Portal_page3.Donor_TESTCASE_page3_1 -->
      <class name="Portal_page3.Donor_TESTCASE_page3_3">
        <test-method is-config="true" signature="OpenBrowser()[pri:0, instance:Portal_page3.Donor_TESTCASE_page3_3@6e9175d8]" started-at="2022-05-17T17:04:49 IST" name="OpenBrowser" finished-at="2022-05-17T17:05:00 IST" duration-ms="10758" status="PASS">
          <reporter-output>
          </reporter-output>
        </test-method> <!-- OpenBrowser -->
        <test-method is-config="true" signature="open()[pri:0, instance:Portal_page3.Donor_TESTCASE_page3_3@6e9175d8]" started-at="2022-05-17T17:04:49 IST" name="open" finished-at="2022-05-17T17:04:49 IST" duration-ms="0" status="PASS">
          <reporter-output>
          </reporter-output>
        </test-method> <!-- open -->
        <test-method signature="FillInfo()[pri:0, instance:Portal_page3.Donor_TESTCASE_page3_3@6e9175d8]" started-at="2022-05-17T17:05:00 IST" name="FillInfo" finished-at="2022-05-17T17:05:02 IST" duration-ms="2224" status="PASS">
          <reporter-output>
          </reporter-output>
        </test-method> <!-- FillInfo -->
        <test-method is-config="true" signature="logoutBrowser(org.testng.ITestResult)[pri:0, instance:Portal_page3.Donor_TESTCASE_page3_3@6e9175d8]" started-at="2022-05-17T17:05:02 IST" name="logoutBrowser" finished-at="2022-05-17T17:05:02 IST" duration-ms="0" status="PASS">
          <params>
            <param index="0">
              <value>
                <![CDATA[[TestResult name=FillInfo status=SUCCESS method=Donor_TESTCASE_page3_3.FillInfo()[pri:0, instance:Portal_page3.Donor_TESTCASE_page3_3@6e9175d8] output={null}]]]>
              </value>
            </param>
          </params>
          <reporter-output>
          </reporter-output>
        </test-method> <!-- logoutBrowser -->
        <test-method is-config="true" signature="closeBrowser()[pri:0, instance:Portal_page3.Donor_TESTCASE_page3_3@6e9175d8]" started-at="2022-05-17T17:05:02 IST" name="closeBrowser" finished-at="2022-05-17T17:05:07 IST" duration-ms="5007" status="PASS">
          <reporter-output>
          </reporter-output>
        </test-method> <!-- closeBrowser -->
      </class> <!-- Portal_page3.Donor_TESTCASE_page3_3 -->
      <class name="Portal_page3.Donor_TESTCASE_page3_2">
        <test-method is-config="true" signature="open()[pri:0, instance:Portal_page3.Donor_TESTCASE_page3_2@7d0b7e3c]" started-at="2022-05-17T17:05:07 IST" name="open" finished-at="2022-05-17T17:05:07 IST" duration-ms="1" status="PASS">
          <reporter-output>
          </reporter-output>
        </test-method> <!-- open -->
        <test-method is-config="true" signature="OpenBrowser()[pri:0, instance:Portal_page3.Donor_TESTCASE_page3_2@7d0b7e3c]" started-at="2022-05-17T17:05:07 IST" name="OpenBrowser" finished-at="2022-05-17T17:05:19 IST" duration-ms="11902" status="PASS">
          <reporter-output>
          </reporter-output>
        </test-method> <!-- OpenBrowser -->
        <test-method signature="FillInfo()[pri:0, instance:Portal_page3.Donor_TESTCASE_page3_2@7d0b7e3c]" started-at="2022-05-17T17:05:19 IST" name="FillInfo" finished-at="2022-05-17T17:05:22 IST" duration-ms="2789" status="PASS">
          <reporter-output>
          </reporter-output>
        </test-method> <!-- FillInfo -->
        <test-method is-config="true" signature="logoutBrowser(org.testng.ITestResult)[pri:0, instance:Portal_page3.Donor_TESTCASE_page3_2@7d0b7e3c]" started-at="2022-05-17T17:05:22 IST" name="logoutBrowser" finished-at="2022-05-17T17:05:22 IST" duration-ms="0" status="PASS">
          <params>
            <param index="0">
              <value>
                <![CDATA[[TestResult name=FillInfo status=SUCCESS method=Donor_TESTCASE_page3_2.FillInfo()[pri:0, instance:Portal_page3.Donor_TESTCASE_page3_2@7d0b7e3c] output={null}]]]>
              </value>
            </param>
          </params>
          <reporter-output>
          </reporter-output>
        </test-method> <!-- logoutBrowser -->
        <test-method is-config="true" signature="closeBrowser()[pri:0, instance:Portal_page3.Donor_TESTCASE_page3_2@7d0b7e3c]" started-at="2022-05-17T17:05:22 IST" name="closeBrowser" finished-at="2022-05-17T17:05:27 IST" duration-ms="5004" status="PASS">
          <reporter-output>
          </reporter-output>
        </test-method> <!-- closeBrowser -->
      </class> <!-- Portal_page3.Donor_TESTCASE_page3_2 -->
      <class name="Portal_page3.Donor_TESTCASE_page3_5">
        <test-method is-config="true" signature="open()[pri:0, instance:Portal_page3.Donor_TESTCASE_page3_5@5b1669c0]" started-at="2022-05-17T17:04:09 IST" name="open" finished-at="2022-05-17T17:04:09 IST" duration-ms="1" status="PASS">
          <reporter-output>
          </reporter-output>
        </test-method> <!-- open -->
        <test-method is-config="true" signature="OpenBrowser()[pri:0, instance:Portal_page3.Donor_TESTCASE_page3_5@5b1669c0]" started-at="2022-05-17T17:04:09 IST" name="OpenBrowser" finished-at="2022-05-17T17:04:19 IST" duration-ms="10205" status="PASS">
          <reporter-output>
          </reporter-output>
        </test-method> <!-- OpenBrowser -->
        <test-method signature="FillInfo()[pri:0, instance:Portal_page3.Donor_TESTCASE_page3_5@5b1669c0]" started-at="2022-05-17T17:04:19 IST" name="FillInfo" finished-at="2022-05-17T17:04:22 IST" duration-ms="3019" status="PASS">
          <reporter-output>
          </reporter-output>
        </test-method> <!-- FillInfo -->
        <test-method is-config="true" signature="closeBrowser()[pri:0, instance:Portal_page3.Donor_TESTCASE_page3_5@5b1669c0]" started-at="2022-05-17T17:04:22 IST" name="closeBrowser" finished-at="2022-05-17T17:04:27 IST" duration-ms="5008" status="PASS">
          <reporter-output>
          </reporter-output>
        </test-method> <!-- closeBrowser -->
        <test-method is-config="true" signature="logoutBrowser(org.testng.ITestResult)[pri:0, instance:Portal_page3.Donor_TESTCASE_page3_5@5b1669c0]" started-at="2022-05-17T17:04:22 IST" name="logoutBrowser" finished-at="2022-05-17T17:04:22 IST" duration-ms="0" status="PASS">
          <params>
            <param index="0">
              <value>
                <![CDATA[[TestResult name=FillInfo status=SUCCESS method=Donor_TESTCASE_page3_5.FillInfo()[pri:0, instance:Portal_page3.Donor_TESTCASE_page3_5@5b1669c0] output={null}]]]>
              </value>
            </param>
          </params>
          <reporter-output>
          </reporter-output>
        </test-method> <!-- logoutBrowser -->
      </class> <!-- Portal_page3.Donor_TESTCASE_page3_5 -->
      <class name="Portal_page3.Donor_TESTCASE_page3">
        <test-method is-config="true" signature="open()[pri:0, instance:Portal_page3.Donor_TESTCASE_page3@470734c3]" started-at="2022-05-17T17:06:38 IST" name="open" finished-at="2022-05-17T17:06:38 IST" duration-ms="0" status="PASS">
          <reporter-output>
          </reporter-output>
        </test-method> <!-- open -->
        <test-method is-config="true" signature="OpenBrowser()[pri:0, instance:Portal_page3.Donor_TESTCASE_page3@470734c3]" started-at="2022-05-17T17:06:38 IST" name="OpenBrowser" finished-at="2022-05-17T17:07:14 IST" duration-ms="35381" status="PASS">
          <reporter-output>
          </reporter-output>
        </test-method> <!-- OpenBrowser -->
        <test-method signature="FillInfo()[pri:0, instance:Portal_page3.Donor_TESTCASE_page3@470734c3]" started-at="2022-05-17T17:07:14 IST" name="FillInfo" finished-at="2022-05-17T17:07:17 IST" duration-ms="3009" status="PASS">
          <reporter-output>
          </reporter-output>
        </test-method> <!-- FillInfo -->
        <test-method is-config="true" signature="logoutBrowser(org.testng.ITestResult)[pri:0, instance:Portal_page3.Donor_TESTCASE_page3@470734c3]" started-at="2022-05-17T17:07:17 IST" name="logoutBrowser" finished-at="2022-05-17T17:07:17 IST" duration-ms="2" status="PASS">
          <params>
            <param index="0">
              <value>
                <![CDATA[[TestResult name=FillInfo status=SUCCESS method=Donor_TESTCASE_page3.FillInfo()[pri:0, instance:Portal_page3.Donor_TESTCASE_page3@470734c3] output={null}]]]>
              </value>
            </param>
          </params>
          <reporter-output>
          </reporter-output>
        </test-method> <!-- logoutBrowser -->
        <test-method is-config="true" signature="closeBrowser()[pri:0, instance:Portal_page3.Donor_TESTCASE_page3@470734c3]" started-at="2022-05-17T17:07:17 IST" name="closeBrowser" finished-at="2022-05-17T17:07:22 IST" duration-ms="5008" status="PASS">
          <reporter-output>
          </reporter-output>
        </test-method> <!-- closeBrowser -->
      </class> <!-- Portal_page3.Donor_TESTCASE_page3 -->
      <class name="Portal_page3.Donor_TESTCASE_page3_4">
        <test-method is-config="true" signature="open()[pri:0, instance:Portal_page3.Donor_TESTCASE_page3_4@78e4deb0]" started-at="2022-05-17T17:04:27 IST" name="open" finished-at="2022-05-17T17:04:27 IST" duration-ms="0" status="PASS">
          <reporter-output>
          </reporter-output>
        </test-method> <!-- open -->
        <test-method is-config="true" signature="OpenBrowser()[pri:0, instance:Portal_page3.Donor_TESTCASE_page3_4@78e4deb0]" started-at="2022-05-17T17:04:27 IST" name="OpenBrowser" finished-at="2022-05-17T17:04:42 IST" duration-ms="14229" status="PASS">
          <reporter-output>
          </reporter-output>
        </test-method> <!-- OpenBrowser -->
        <test-method signature="FillInfo()[pri:0, instance:Portal_page3.Donor_TESTCASE_page3_4@78e4deb0]" started-at="2022-05-17T17:04:42 IST" name="FillInfo" finished-at="2022-05-17T17:04:44 IST" duration-ms="2568" status="PASS">
          <reporter-output>
          </reporter-output>
        </test-method> <!-- FillInfo -->
        <test-method is-config="true" signature="closeBrowser()[pri:0, instance:Portal_page3.Donor_TESTCASE_page3_4@78e4deb0]" started-at="2022-05-17T17:04:44 IST" name="closeBrowser" finished-at="2022-05-17T17:04:49 IST" duration-ms="5016" status="PASS">
          <reporter-output>
          </reporter-output>
        </test-method> <!-- closeBrowser -->
        <test-method is-config="true" signature="logoutBrowser(org.testng.ITestResult)[pri:0, instance:Portal_page3.Donor_TESTCASE_page3_4@78e4deb0]" started-at="2022-05-17T17:04:44 IST" name="logoutBrowser" finished-at="2022-05-17T17:04:44 IST" duration-ms="0" status="PASS">
          <params>
            <param index="0">
              <value>
                <![CDATA[[TestResult name=FillInfo status=SUCCESS method=Donor_TESTCASE_page3_4.FillInfo()[pri:0, instance:Portal_page3.Donor_TESTCASE_page3_4@78e4deb0] output={null}]]]>
              </value>
            </param>
          </params>
          <reporter-output>
          </reporter-output>
        </test-method> <!-- logoutBrowser -->
      </class> <!-- Portal_page3.Donor_TESTCASE_page3_4 -->
      <class name="Portal_page3.Donor_TESTCASE_page3_7">
        <test-method is-config="true" signature="open()[pri:0, instance:Portal_page3.Donor_TESTCASE_page3_7@2a265ea9]" started-at="2022-05-17T17:03:36 IST" name="open" finished-at="2022-05-17T17:03:36 IST" duration-ms="8" status="PASS">
          <reporter-output>
          </reporter-output>
        </test-method> <!-- open -->
        <test-method is-config="true" signature="OpenBrowser()[pri:0, instance:Portal_page3.Donor_TESTCASE_page3_7@2a265ea9]" started-at="2022-05-17T17:03:36 IST" name="OpenBrowser" finished-at="2022-05-17T17:03:46 IST" duration-ms="9758" status="PASS">
          <reporter-output>
          </reporter-output>
        </test-method> <!-- OpenBrowser -->
        <test-method signature="FillInfo()[pri:0, instance:Portal_page3.Donor_TESTCASE_page3_7@2a265ea9]" started-at="2022-05-17T17:03:46 IST" name="FillInfo" finished-at="2022-05-17T17:03:50 IST" duration-ms="4319" status="PASS">
          <reporter-output>
          </reporter-output>
        </test-method> <!-- FillInfo -->
        <test-method is-config="true" signature="logoutBrowser(org.testng.ITestResult)[pri:0, instance:Portal_page3.Donor_TESTCASE_page3_7@2a265ea9]" started-at="2022-05-17T17:03:50 IST" name="logoutBrowser" finished-at="2022-05-17T17:03:50 IST" duration-ms="2" status="PASS">
          <params>
            <param index="0">
              <value>
                <![CDATA[[TestResult name=FillInfo status=SUCCESS method=Donor_TESTCASE_page3_7.FillInfo()[pri:0, instance:Portal_page3.Donor_TESTCASE_page3_7@2a265ea9] output={null}]]]>
              </value>
            </param>
          </params>
          <reporter-output>
          </reporter-output>
        </test-method> <!-- logoutBrowser -->
        <test-method is-config="true" signature="closeBrowser()[pri:0, instance:Portal_page3.Donor_TESTCASE_page3_7@2a265ea9]" started-at="2022-05-17T17:03:50 IST" name="closeBrowser" finished-at="2022-05-17T17:03:55 IST" duration-ms="5007" status="PASS">
          <reporter-output>
          </reporter-output>
        </test-method> <!-- closeBrowser -->
      </class> <!-- Portal_page3.Donor_TESTCASE_page3_7 -->
      <class name="Portal_page3.Donor_TESTCASE_page3_10">
        <test-method is-config="true" signature="open()[pri:0, instance:Portal_page3.Donor_TESTCASE_page3_10@8f2ef19]" started-at="2022-05-17T17:05:59 IST" name="open" finished-at="2022-05-17T17:05:59 IST" duration-ms="0" status="PASS">
          <reporter-output>
          </reporter-output>
        </test-method> <!-- open -->
        <test-method is-config="true" signature="OpenBrowser()[pri:0, instance:Portal_page3.Donor_TESTCASE_page3_10@8f2ef19]" started-at="2022-05-17T17:05:59 IST" name="OpenBrowser" finished-at="2022-05-17T17:06:31 IST" duration-ms="32150" status="PASS">
          <reporter-output>
          </reporter-output>
        </test-method> <!-- OpenBrowser -->
        <test-method signature="FillInfo()[pri:0, instance:Portal_page3.Donor_TESTCASE_page3_10@8f2ef19]" started-at="2022-05-17T17:06:31 IST" name="FillInfo" finished-at="2022-05-17T17:06:32 IST" duration-ms="935" status="FAIL">
          <exception class="org.openqa.selenium.ElementNotInteractableException">
            <message>
              <![CDATA[element not interactable: Element is not currently visible and may not be manipulated
  (Session info: chrome=101.0.4951.54)
Build info: version: '4.1.3', revision: '7b1ebf28ef'
System info: host: 'LAPTOP-VLUEFNG4', ip: '192.168.0.104', os.name: 'Windows 10', os.arch: 'amd64', os.version: '10.0', java.version: '11.0.14'
Driver info: org.openqa.selenium.chrome.ChromeDriver
Command: [91e2c90232c662492ffd6e1101e569db, clickElement {id=ed80646f-457d-417c-96b6-f39f744d0130}]
Capabilities {acceptInsecureCerts: false, browserName: chrome, browserVersion: 101.0.4951.54, chrome: {chromedriverVersion: 100.0.4896.60 (6a5d10861ce8..., userDataDir: C:\Users\MONISH~1\AppData\L...}, goog:chromeOptions: {debuggerAddress: localhost:55659}, javascriptEnabled: true, networkConnectionEnabled: false, pageLoadStrategy: normal, platform: WINDOWS, platformName: WINDOWS, proxy: Proxy(), se:cdp: ws://localhost:55659/devtoo..., se:cdpVersion: 101.0.4951.54, setWindowRect: true, strictFileInteractability: false, timeouts: {implicit: 0, pageLoad: 300000, script: 30000}, unhandledPromptBehavior: dismiss and notify, webauthn:extension:credBlob: true, webauthn:extension:largeBlob: true, webauthn:virtualAuthenticators: true}
Element: [[[[ChromeDriver: chrome on WINDOWS (91e2c90232c662492ffd6e1101e569db)] -> xpath: //select[@name='sel_city']]] -> tag name: option]
Session ID: 91e2c90232c662492ffd6e1101e569db]]>
            </message>
            <full-stacktrace>
              <![CDATA[org.openqa.selenium.ElementNotInteractableException: element not interactable: Element is not currently visible and may not be manipulated
  (Session info: chrome=101.0.4951.54)
Build info: version: '4.1.3', revision: '7b1ebf28ef'
System info: host: 'LAPTOP-VLUEFNG4', ip: '192.168.0.104', os.name: 'Windows 10', os.arch: 'amd64', os.version: '10.0', java.version: '11.0.14'
Driver info: org.openqa.selenium.chrome.ChromeDriver
Command: [91e2c90232c662492ffd6e1101e569db, clickElement {id=ed80646f-457d-417c-96b6-f39f744d0130}]
Capabilities {acceptInsecureCerts: false, browserName: chrome, browserVersion: 101.0.4951.54, chrome: {chromedriverVersion: 100.0.4896.60 (6a5d10861ce8..., userDataDir: C:\Users\MONISH~1\AppData\L...}, goog:chromeOptions: {debuggerAddress: localhost:55659}, javascriptEnabled: true, networkConnectionEnabled: false, pageLoadStrategy: normal, platform: WINDOWS, platformName: WINDOWS, proxy: Proxy(), se:cdp: ws://localhost:55659/devtoo..., se:cdpVersion: 101.0.4951.54, setWindowRect: true, strictFileInteractability: false, timeouts: {implicit: 0, pageLoad: 300000, script: 30000}, unhandledPromptBehavior: dismiss and notify, webauthn:extension:credBlob: true, webauthn:extension:largeBlob: true, webauthn:virtualAuthenticators: true}
Element: [[[[ChromeDriver: chrome on WINDOWS (91e2c90232c662492ffd6e1101e569db)] -> xpath: //select[@name='sel_city']]] -> tag name: option]
Session ID: 91e2c90232c662492ffd6e1101e569db
at java.base/jdk.internal.reflect.NativeConstructorAccessorImpl.newInstance0(Native Method)
at java.base/jdk.internal.reflect.NativeConstructorAccessorImpl.newInstance(NativeConstructorAccessorImpl.java:62)
at java.base/jdk.internal.reflect.DelegatingConstructorAccessorImpl.newInstance(DelegatingConstructorAccessorImpl.java:45)
at java.base/java.lang.reflect.Constructor.newInstance(Constructor.java:490)
at org.openqa.selenium.remote.codec.w3c.W3CHttpResponseCodec.createException(W3CHttpResponseCodec.java:200)
at org.openqa.selenium.remote.codec.w3c.W3CHttpResponseCodec.decode(W3CHttpResponseCodec.java:133)
at org.openqa.selenium.remote.codec.w3c.W3CHttpResponseCodec.decode(W3CHttpResponseCodec.java:53)
at org.openqa.selenium.remote.HttpCommandExecutor.execute(HttpCommandExecutor.java:184)
at org.openqa.selenium.remote.service.DriverCommandExecutor.invokeExecute(DriverCommandExecutor.java:167)
at org.openqa.selenium.remote.service.DriverCommandExecutor.execute(DriverCommandExecutor.java:142)
at org.openqa.selenium.remote.RemoteWebDriver.execute(RemoteWebDriver.java:567)
at org.openqa.selenium.remote.RemoteWebElement.execute(RemoteWebElement.java:251)
at org.openqa.selenium.remote.RemoteWebElement.click(RemoteWebElement.java:77)
at org.openqa.selenium.support.ui.Select.setSelected(Select.java:315)
at org.openqa.selenium.support.ui.Select.setSelectedByIndex(Select.java:297)
at org.openqa.selenium.support.ui.Select.selectByIndex(Select.java:176)
at Module1_Donor_Management.DonorLoginPage3_10.clickonTributegift(DonorLoginPage3_10.java:66)
at Portal_page3.Donor_TESTCASE_page3_10.FillInfo(Donor_TESTCASE_page3_10.java:56)
at java.base/jdk.internal.reflect.NativeMethodAccessorImpl.invoke0(Native Method)
at java.base/jdk.internal.reflect.NativeMethodAccessorImpl.invoke(NativeMethodAccessorImpl.java:62)
at java.base/jdk.internal.reflect.DelegatingMethodAccessorImpl.invoke(DelegatingMethodAccessorImpl.java:43)
at java.base/java.lang.reflect.Method.invoke(Method.java:566)
at org.testng.internal.MethodInvocationHelper.invokeMethod(MethodInvocationHelper.java:133)
at org.testng.internal.TestInvoker.invokeMethod(TestInvoker.java:598)
at org.testng.internal.TestInvoker.invokeTestMethod(TestInvoker.java:173)
at org.testng.internal.MethodRunner.runInSequence(MethodRunner.java:46)
at org.testng.internal.TestInvoker$MethodInvocationAgent.invoke(TestInvoker.java:824)
at org.testng.internal.TestInvoker.invokeTestMethods(TestInvoker.java:146)
at org.testng.internal.TestMethodWorker.invokeTestMethods(TestMethodWorker.java:146)
at org.testng.internal.TestMethodWorker.run(TestMethodWorker.java:128)
at java.base/java.util.ArrayList.forEach(ArrayList.java:1541)
at org.testng.TestRunner.privateRun(TestRunner.java:794)
at org.testng.TestRunner.run(TestRunner.java:596)
at org.testng.SuiteRunner.runTest(SuiteRunner.java:377)
at org.testng.SuiteRunner.runSequentially(SuiteRunner.java:371)
at org.testng.SuiteRunner.privateRun(SuiteRunner.java:332)
at org.testng.SuiteRunner.run(SuiteRunner.java:276)
at org.testng.SuiteRunnerWorker.runSuite(SuiteRunnerWorker.java:53)
at org.testng.SuiteRunnerWorker.run(SuiteRunnerWorker.java:96)
at org.testng.TestNG.runSuitesSequentially(TestNG.java:1212)
at org.testng.TestNG.runSuitesLocally(TestNG.java:1134)
at org.testng.TestNG.runSuites(TestNG.java:1063)
at org.testng.TestNG.run(TestNG.java:1031)
at org.testng.remote.AbstractRemoteTestNG.run(AbstractRemoteTestNG.java:115)
at org.testng.remote.RemoteTestNG.initAndRun(RemoteTestNG.java:251)
at org.testng.remote.RemoteTestNG.main(RemoteTestNG.java:77)
]]>
            </full-stacktrace>
          </exception> <!-- org.openqa.selenium.ElementNotInteractableException -->
          <reporter-output>
          </reporter-output>
        </test-method> <!-- FillInfo -->
        <test-method is-config="true" signature="logoutBrowser(org.testng.ITestResult)[pri:0, instance:Portal_page3.Donor_TESTCASE_page3_10@8f2ef19]" started-at="2022-05-17T17:06:33 IST" name="logoutBrowser" finished-at="2022-05-17T17:06:33 IST" duration-ms="723" status="PASS">
          <params>
            <param index="0">
              <value>
                <![CDATA[[TestResult name=FillInfo status=FAILURE method=Donor_TESTCASE_page3_10.FillInfo()[pri:0, instance:Portal_page3.Donor_TESTCASE_page3_10@8f2ef19] output={null}]]]>
              </value>
            </param>
          </params>
          <reporter-output>
          </reporter-output>
        </test-method> <!-- logoutBrowser -->
        <test-method is-config="true" signature="closeBrowser()[pri:0, instance:Portal_page3.Donor_TESTCASE_page3_10@8f2ef19]" started-at="2022-05-17T17:06:33 IST" name="closeBrowser" finished-at="2022-05-17T17:06:38 IST" duration-ms="5010" status="PASS">
          <reporter-output>
          </reporter-output>
        </test-method> <!-- closeBrowser -->
      </class> <!-- Portal_page3.Donor_TESTCASE_page3_10 -->
      <class name="Portal_page3.Donor_TESTCASE_page3_6">
        <test-method is-config="true" signature="open()[pri:0, instance:Portal_page3.Donor_TESTCASE_page3_6@1530c739]" started-at="2022-05-17T17:03:55 IST" name="open" finished-at="2022-05-17T17:03:55 IST" duration-ms="0" status="PASS">
          <reporter-output>
          </reporter-output>
        </test-method> <!-- open -->
        <test-method is-config="true" signature="OpenBrowser()[pri:0, instance:Portal_page3.Donor_TESTCASE_page3_6@1530c739]" started-at="2022-05-17T17:03:55 IST" name="OpenBrowser" finished-at="2022-05-17T17:04:02 IST" duration-ms="6623" status="PASS">
          <reporter-output>
          </reporter-output>
        </test-method> <!-- OpenBrowser -->
        <test-method signature="FillInfo()[pri:0, instance:Portal_page3.Donor_TESTCASE_page3_6@1530c739]" started-at="2022-05-17T17:04:02 IST" name="FillInfo" finished-at="2022-05-17T17:04:04 IST" duration-ms="2467" status="PASS">
          <reporter-output>
          </reporter-output>
        </test-method> <!-- FillInfo -->
        <test-method is-config="true" signature="logoutBrowser(org.testng.ITestResult)[pri:0, instance:Portal_page3.Donor_TESTCASE_page3_6@1530c739]" started-at="2022-05-17T17:04:04 IST" name="logoutBrowser" finished-at="2022-05-17T17:04:04 IST" duration-ms="0" status="PASS">
          <params>
            <param index="0">
              <value>
                <![CDATA[[TestResult name=FillInfo status=SUCCESS method=Donor_TESTCASE_page3_6.FillInfo()[pri:0, instance:Portal_page3.Donor_TESTCASE_page3_6@1530c739] output={null}]]]>
              </value>
            </param>
          </params>
          <reporter-output>
          </reporter-output>
        </test-method> <!-- logoutBrowser -->
        <test-method is-config="true" signature="closeBrowser()[pri:0, instance:Portal_page3.Donor_TESTCASE_page3_6@1530c739]" started-at="2022-05-17T17:04:04 IST" name="closeBrowser" finished-at="2022-05-17T17:04:09 IST" duration-ms="5004" status="PASS">
          <reporter-output>
          </reporter-output>
        </test-method> <!-- closeBrowser -->
      </class> <!-- Portal_page3.Donor_TESTCASE_page3_6 -->
      <class name="Portal_page3.Donor_TESTCASE_page3_9">
        <test-method is-config="true" signature="open()[pri:0, instance:Portal_page3.Donor_TESTCASE_page3_9@2cf3d63b]" started-at="2022-05-17T17:07:22 IST" name="open" finished-at="2022-05-17T17:07:22 IST" duration-ms="0" status="PASS">
          <reporter-output>
          </reporter-output>
        </test-method> <!-- open -->
        <test-method is-config="true" signature="OpenBrowser()[pri:0, instance:Portal_page3.Donor_TESTCASE_page3_9@2cf3d63b]" started-at="2022-05-17T17:07:22 IST" name="OpenBrowser" finished-at="2022-05-17T17:07:56 IST" duration-ms="33927" status="PASS">
          <reporter-output>
          </reporter-output>
        </test-method> <!-- OpenBrowser -->
        <test-method signature="FillInfo()[pri:0, instance:Portal_page3.Donor_TESTCASE_page3_9@2cf3d63b]" started-at="2022-05-17T17:07:56 IST" name="FillInfo" finished-at="2022-05-17T17:07:58 IST" duration-ms="2336" status="PASS">
          <reporter-output>
          </reporter-output>
        </test-method> <!-- FillInfo -->
        <test-method is-config="true" signature="logoutBrowser(org.testng.ITestResult)[pri:0, instance:Portal_page3.Donor_TESTCASE_page3_9@2cf3d63b]" started-at="2022-05-17T17:07:58 IST" name="logoutBrowser" finished-at="2022-05-17T17:07:58 IST" duration-ms="0" status="PASS">
          <params>
            <param index="0">
              <value>
                <![CDATA[[TestResult name=FillInfo status=SUCCESS method=Donor_TESTCASE_page3_9.FillInfo()[pri:0, instance:Portal_page3.Donor_TESTCASE_page3_9@2cf3d63b] output={null}]]]>
              </value>
            </param>
          </params>
          <reporter-output>
          </reporter-output>
        </test-method> <!-- logoutBrowser -->
        <test-method is-config="true" signature="closeBrowser()[pri:0, instance:Portal_page3.Donor_TESTCASE_page3_9@2cf3d63b]" started-at="2022-05-17T17:07:58 IST" name="closeBrowser" finished-at="2022-05-17T17:08:03 IST" duration-ms="5001" status="PASS">
          <reporter-output>
          </reporter-output>
        </test-method> <!-- closeBrowser -->
      </class> <!-- Portal_page3.Donor_TESTCASE_page3_9 -->
      <class name="Portal_page3.Donor_TESTCASE_page3_8">
        <test-method is-config="true" signature="OpenBrowser()[pri:0, instance:Portal_page3.Donor_TESTCASE_page3_8@69e153c5]" started-at="2022-05-17T17:08:27 IST" name="OpenBrowser" finished-at="2022-05-17T17:09:06 IST" duration-ms="38740" status="PASS">
          <reporter-output>
          </reporter-output>
        </test-method> <!-- OpenBrowser -->
        <test-method is-config="true" signature="open()[pri:0, instance:Portal_page3.Donor_TESTCASE_page3_8@69e153c5]" started-at="2022-05-17T17:08:27 IST" name="open" finished-at="2022-05-17T17:08:27 IST" duration-ms="0" status="PASS">
          <reporter-output>
          </reporter-output>
        </test-method> <!-- open -->
        <test-method signature="FillInfo()[pri:0, instance:Portal_page3.Donor_TESTCASE_page3_8@69e153c5]" started-at="2022-05-17T17:09:06 IST" name="FillInfo" finished-at="2022-05-17T17:09:09 IST" duration-ms="3779" status="PASS">
          <reporter-output>
          </reporter-output>
        </test-method> <!-- FillInfo -->
        <test-method is-config="true" signature="logoutBrowser(org.testng.ITestResult)[pri:0, instance:Portal_page3.Donor_TESTCASE_page3_8@69e153c5]" started-at="2022-05-17T17:09:09 IST" name="logoutBrowser" finished-at="2022-05-17T17:09:09 IST" duration-ms="1" status="PASS">
          <params>
            <param index="0">
              <value>
                <![CDATA[[TestResult name=FillInfo status=SUCCESS method=Donor_TESTCASE_page3_8.FillInfo()[pri:0, instance:Portal_page3.Donor_TESTCASE_page3_8@69e153c5] output={null}]]]>
              </value>
            </param>
          </params>
          <reporter-output>
          </reporter-output>
        </test-method> <!-- logoutBrowser -->
        <test-method is-config="true" signature="closeBrowser()[pri:0, instance:Portal_page3.Donor_TESTCASE_page3_8@69e153c5]" started-at="2022-05-17T17:09:09 IST" name="closeBrowser" finished-at="2022-05-17T17:09:14 IST" duration-ms="5002" status="PASS">
          <reporter-output>
          </reporter-output>
        </test-method> <!-- closeBrowser -->
      </class> <!-- Portal_page3.Donor_TESTCASE_page3_8 -->
      <class name="Portal_page3.Donor_TESTCASE_page3_11">
        <test-method is-config="true" signature="open()[pri:0, instance:Portal_page3.Donor_TESTCASE_page3_11@7674f035]" started-at="2022-05-17T17:08:03 IST" name="open" finished-at="2022-05-17T17:08:03 IST" duration-ms="0" status="PASS">
          <reporter-output>
          </reporter-output>
        </test-method> <!-- open -->
        <test-method is-config="true" signature="OpenBrowser()[pri:0, instance:Portal_page3.Donor_TESTCASE_page3_11@7674f035]" started-at="2022-05-17T17:08:03 IST" name="OpenBrowser" finished-at="2022-05-17T17:08:19 IST" duration-ms="15712" status="PASS">
          <reporter-output>
          </reporter-output>
        </test-method> <!-- OpenBrowser -->
        <test-method signature="FillInfo()[pri:0, instance:Portal_page3.Donor_TESTCASE_page3_11@7674f035]" started-at="2022-05-17T17:08:19 IST" name="FillInfo" finished-at="2022-05-17T17:08:22 IST" duration-ms="3082" status="PASS">
          <reporter-output>
          </reporter-output>
        </test-method> <!-- FillInfo -->
        <test-method is-config="true" signature="logoutBrowser(org.testng.ITestResult)[pri:0, instance:Portal_page3.Donor_TESTCASE_page3_11@7674f035]" started-at="2022-05-17T17:08:22 IST" name="logoutBrowser" finished-at="2022-05-17T17:08:22 IST" duration-ms="0" status="PASS">
          <params>
            <param index="0">
              <value>
                <![CDATA[[TestResult name=FillInfo status=SUCCESS method=Donor_TESTCASE_page3_11.FillInfo()[pri:0, instance:Portal_page3.Donor_TESTCASE_page3_11@7674f035] output={null}]]]>
              </value>
            </param>
          </params>
          <reporter-output>
          </reporter-output>
        </test-method> <!-- logoutBrowser -->
        <test-method is-config="true" signature="closeBrowser()[pri:0, instance:Portal_page3.Donor_TESTCASE_page3_11@7674f035]" started-at="2022-05-17T17:08:22 IST" name="closeBrowser" finished-at="2022-05-17T17:08:27 IST" duration-ms="5003" status="PASS">
          <reporter-output>
          </reporter-output>
        </test-method> <!-- closeBrowser -->
      </class> <!-- Portal_page3.Donor_TESTCASE_page3_11 -->
    </test> <!-- Test -->
  </suite> <!-- Suite -->
</testng-results>
